<?xml version="1.0" encoding="UTF-8"?>
<!-- Generated by org.testng.reporters.JUnitReportReporter -->
<testsuite hostname="Yuvraj" failures="0" tests="1" name="testCases.TC001_AccountRegistrationTest" time="13.964" errors="0" timestamp="2025-01-13T12:20:49 IST" skipped="0">
  <testcase classname="testCases.TC001_AccountRegistrationTest" name="verify_account_registration" time="13.964"/>
</testsuite> <!-- testCases.TC001_AccountRegistrationTest -->
